Using pre-set license
Built from '2021.3/staging' branch; Version is '2021.3.10f1 (1c7d0df0160b) revision 1867021'; Using compiler version '192829333'; Build Type 'Release'
OS: 'Windows 10  (10.0.19045) 64bit Core' Language: 'ru' Physical Memory: 8101 MB
BatchMode: 1, IsHumanControllingUs: 0, StartBugReporterOnCrash: 0, Is64bit: 1, IsPro: 1

COMMAND LINE ARGUMENTS:
C:\Users\User\Desktop\Кодленд 19.09.2022\2021.3.10f1\Editor\Unity.exe
-adb2
-batchMode
-noUpm
-name
AssetImportWorker0
-projectPath
C:/Users/User/Masya live
-logFile
Logs/AssetImportWorker0.log
-srvPort
63448
Successfully changed project path to: C:/Users/User/Masya live
C:/Users/User/Masya live
[UnityMemory] Configuration Parameters - Can be set up in boot.config
    "memorysetup-bucket-allocator-granularity=16"
    "memorysetup-bucket-allocator-bucket-count=8"
    "memorysetup-bucket-allocator-block-size=33554432"
    "memorysetup-bucket-allocator-block-count=8"
    "memorysetup-main-allocator-block-size=16777216"
    "memorysetup-thread-allocator-block-size=16777216"
    "memorysetup-gfx-main-allocator-block-size=16777216"
    "memorysetup-gfx-thread-allocator-block-size=16777216"
    "memorysetup-cache-allocator-block-size=4194304"
    "memorysetup-typetree-allocator-block-size=2097152"
    "memorysetup-profiler-bucket-allocator-granularity=16"
    "memorysetup-profiler-bucket-allocator-bucket-count=8"
    "memorysetup-profiler-bucket-allocator-block-size=33554432"
    "memorysetup-profiler-bucket-allocator-block-count=8"
    "memorysetup-profiler-allocator-block-size=16777216"
    "memorysetup-profiler-editor-allocator-block-size=1048576"
    "memorysetup-temp-allocator-size-main=16777216"
    "memorysetup-job-temp-allocator-block-size=2097152"
    "memorysetup-job-temp-allocator-block-size-background=1048576"
    "memorysetup-job-temp-allocator-reduction-small-platforms=262144"
    "memorysetup-temp-allocator-size-background-worker=32768"
    "memorysetup-temp-allocator-size-job-worker=262144"
    "memorysetup-temp-allocator-size-preload-manager=33554432"
    "memorysetup-temp-allocator-size-nav-mesh-worker=65536"
    "memorysetup-temp-allocator-size-audio-worker=65536"
    "memorysetup-temp-allocator-size-cloud-worker=32768"
    "memorysetup-temp-allocator-size-gi-baking-worker=262144"
    "memorysetup-temp-allocator-size-gfx=262144"
Refreshing native plugins compatible for Editor in 325.59 ms, found 3 plugins.
Preloading 0 native plugins for Editor in 0.00 ms.
Initialize engine version: 2021.3.10f1 (1c7d0df0160b)
[Subsystems] Discovering subsystems at path C:/Users/User/Desktop/Кодленд 19.09.2022/2021.3.10f1/Editor/Data/Resources/UnitySubsystems
[Subsystems] Discovering subsystems at path C:/Users/User/Masya live/Assets
GfxDevice: creating device client; threaded=0; jobified=0
Direct3D:
    Version:  Direct3D 11.0 [level 11.1]
    Renderer: NVIDIA GeForce MX150 (ID=0x1d12)
    Vendor:   NVIDIA
    VRAM:     1983 MB
    Driver:   30.0.15.1179
Initialize mono
Mono path[0] = 'C:/Users/User/Desktop/Кодленд 19.09.2022/2021.3.10f1/Editor/Data/Managed'
Mono path[1] = 'C:/Users/User/Desktop/Кодленд 19.09.2022/2021.3.10f1/Editor/Data/MonoBleedingEdge/lib/mono/unityjit-win32'
Mono config path = 'C:/Users/User/Desktop/Кодленд 19.09.2022/2021.3.10f1/Editor/Data/MonoBleedingEdge/etc'
Using monoOptions --debugger-agent=transport=dt_socket,embedding=1,server=y,suspend=n,address=127.0.0.1:56864
Begin MonoManager ReloadAssembly
Registering precompiled unity dll's ...
Register platform support module: C:/Users/User/Desktop/Кодленд 19.09.2022/2021.3.10f1/Editor/Data/PlaybackEngines/WebGLSupport/UnityEditor.WebGL.Extensions.dll
Register platform support module: C:/Users/User/Desktop/Кодленд 19.09.2022/2021.3.10f1/Editor/Data/PlaybackEngines/WindowsStandaloneSupport/UnityEditor.WindowsStandalone.Extensions.dll
Registered in 0.030113 seconds.
Native extension for WindowsStandalone target not found
Native extension for WebGL target not found
Refreshing native plugins compatible for Editor in 334.55 ms, found 3 plugins.
Preloading 0 native plugins for Editor in 0.00 ms.
Mono: successfully reloaded assembly
- Completed reload, in  2.601 seconds
Domain Reload Profiling:
	ReloadAssembly (2603ms)
		BeginReloadAssembly (299ms)
			ExecutionOrderSort (0ms)
			DisableScriptedObjects (0ms)
			BackupInstance (0ms)
			ReleaseScriptingObjects (0ms)
			CreateAndSetChildDomain (2ms)
		EndReloadAssembly (1814ms)
			LoadAssemblies (294ms)
			RebuildTransferFunctionScriptingTraits (0ms)
			SetupTypeCache (421ms)
			ReleaseScriptCaches (0ms)
			RebuildScriptCaches (137ms)
			SetupLoadedEditorAssemblies (1070ms)
				LogAssemblyErrors (0ms)
				InitializePlatformSupportModulesInManaged (42ms)
				SetLoadedEditorAssemblies (0ms)
				RefreshPlugins (335ms)
				BeforeProcessingInitializeOnLoad (4ms)
				ProcessInitializeOnLoadAttributes (499ms)
				ProcessInitializeOnLoadMethodAttributes (190ms)
				AfterProcessingInitializeOnLoad (0ms)
				EditorAssembliesLoaded (0ms)
			ExecutionOrderSort2 (0ms)
			AwakeInstancesAfterBackupRestoration (0ms)
Platform modules already initialized, skipping
Registering precompiled user dll's ...
Registered in 0.021116 seconds.
Begin MonoManager ReloadAssembly
Symbol file LoadedFromMemory doesn't match image C:\Users\User\Masya live\Library\PackageCache\com.unity.visualscripting@1.7.8\Editor\VisualScripting.Core\Dependencies\YamlDotNet\Unity.VisualScripting.YamlDotNet.dll
Symbol file LoadedFromMemory doesn't match image C:\Users\User\Masya live\Library\PackageCache\com.unity.visualscripting@1.7.8\Editor\VisualScripting.Core\Dependencies\DotNetZip\Unity.VisualScripting.IonicZip.dll
Native extension for WindowsStandalone target not found
Native extension for WebGL target not found
Refreshing native plugins compatible for Editor in 1.48 ms, found 3 plugins.
Preloading 0 native plugins for Editor in 0.00 ms.
Mono: successfully reloaded assembly
- Completed reload, in  4.879 seconds
Domain Reload Profiling:
	ReloadAssembly (4884ms)
		BeginReloadAssembly (1103ms)
			ExecutionOrderSort (0ms)
			DisableScriptedObjects (119ms)
			BackupInstance (0ms)
			ReleaseScriptingObjects (4ms)
			CreateAndSetChildDomain (213ms)
		EndReloadAssembly (3334ms)
			LoadAssemblies (326ms)
			RebuildTransferFunctionScriptingTraits (0ms)
			SetupTypeCache (1000ms)
			ReleaseScriptCaches (2ms)
			RebuildScriptCaches (189ms)
			SetupLoadedEditorAssemblies (1653ms)
				LogAssemblyErrors (0ms)
				InitializePlatformSupportModulesInManaged (29ms)
				SetLoadedEditorAssemblies (1ms)
				RefreshPlugins (2ms)
				BeforeProcessingInitializeOnLoad (358ms)
				ProcessInitializeOnLoadAttributes (1123ms)
				ProcessInitializeOnLoadMethodAttributes (102ms)
				AfterProcessingInitializeOnLoad (37ms)
				EditorAssembliesLoaded (1ms)
			ExecutionOrderSort2 (0ms)
			AwakeInstancesAfterBackupRestoration (34ms)
Platform modules already initialized, skipping
========================================================================
Worker process is ready to serve import requests
Launched and connected shader compiler UnityShaderCompiler.exe after 0.26 seconds
Refreshing native plugins compatible for Editor in 1.82 ms, found 3 plugins.
Preloading 0 native plugins for Editor in 0.00 ms.
Unloading 3380 Unused Serialized files (Serialized files now loaded: 0)
Unloading 27 unused Assets / (113.4 KB). Loaded Objects now: 3837.
Memory consumption went from 116.2 MB to 116.1 MB.
Total: 7.097000 ms (FindLiveObjects: 0.562900 ms CreateObjectMapping: 0.425100 ms MarkObjects: 4.895700 ms  DeleteObjects: 1.211000 ms)

AssetImportParameters requested are different than current active one (requested -> active):
  custom:video-decoder-ogg-theora: a1e56fd34408186e4bbccfd4996cb3dc -> 
  custom:container-muxer-webm: aa71ff27fc2769a1b78a27578f13a17b -> 
  custom:container-demuxer-webm: 4f35f7cbe854078d1ac9338744f61a02 -> 
  custom:video-encoder-webm-vp8: eb34c28f22e8b96e1ab97ce403110664 -> 
  custom:audio-encoder-webm-vorbis: bf7c407c2cedff20999df2af8eb42d56 -> 
  custom:framework-win-MediaFoundation: 216162199b28c13a410421893ffa2e32 -> 
  custom:container-demuxer-ogg: 62fdf1f143b41e24485cea50d1cbac27 -> 
  custom:video-decoder-webm-vp8: 9c59270c3fd7afecdb556c50c9e8de78 -> 
  custom:audio-decoder-ogg-vorbis: bf7c407c2cedff20999df2af8eb42d56 -> 
========================================================================
Received Import Request.
  Time since last request: 2401892.421151 seconds.
  path: Assets/carpet.mat
  artifactKey: Guid(43c489a0d7e31cd439f879b9e562bdcc) Importer(815301076,1909f56bfc062723c751e8b465ee728b)
Start importing Assets/carpet.mat using Guid(43c489a0d7e31cd439f879b9e562bdcc) Importer(815301076,1909f56bfc062723c751e8b465ee728b)  -> (artifact id: '7e622ab66d64f6aeae3ad46f445b8d1a') in 0.603238 seconds 
========================================================================
Received Import Request.
  Time since last request: 113.205285 seconds.
  path: Assets/FallGuysMaterials
  artifactKey: Guid(b38af588eeb2fd14aa502bfd78c0ce63) Importer(815301076,1909f56bfc062723c751e8b465ee728b)
Start importing Assets/FallGuysMaterials using Guid(b38af588eeb2fd14aa502bfd78c0ce63) Importer(815301076,1909f56bfc062723c751e8b465ee728b)  -> (artifact id: 'fde02bd73633eb3f08c12dc7cbd61ed7') in 0.015803 seconds 
========================================================================
Received Import Request.
  Time since last request: 5.646083 seconds.
  path: Assets/FallGuysMaterials/Texture2
  artifactKey: Guid(94c7da72fd6a48f40807ae8722ee10d9) Importer(815301076,1909f56bfc062723c751e8b465ee728b)
Start importing Assets/FallGuysMaterials/Texture2 using Guid(94c7da72fd6a48f40807ae8722ee10d9) Importer(815301076,1909f56bfc062723c751e8b465ee728b)  -> (artifact id: '9bdcd3d857786ffc530f77362bea7762') in 0.013314 seconds 
========================================================================
Received Import Request.
  Time since last request: 0.085147 seconds.
  path: Assets/FallGuysMaterials/Texture2/Texture2_Diffuse.png
  artifactKey: Guid(206d6e8d9822f52468a5daa55e96f999) Importer(815301076,1909f56bfc062723c751e8b465ee728b)
Start importing Assets/FallGuysMaterials/Texture2/Texture2_Diffuse.png using Guid(206d6e8d9822f52468a5daa55e96f999) Importer(815301076,1909f56bfc062723c751e8b465ee728b)  -> (artifact id: 'f0c4ab57350748bfd82900b1872cb477') in 0.110323 seconds 
========================================================================
Received Import Request.
  Time since last request: 3.069979 seconds.
  path: Assets/FallGuysMaterials/Texture1
  artifactKey: Guid(a7f5d1a272174e543990b5670f8f570b) Importer(815301076,1909f56bfc062723c751e8b465ee728b)
Start importing Assets/FallGuysMaterials/Texture1 using Guid(a7f5d1a272174e543990b5670f8f570b) Importer(815301076,1909f56bfc062723c751e8b465ee728b)  -> (artifact id: '32c98d6b1109dba195e03ccadecdb2d5') in 0.013206 seconds 
========================================================================
Received Import Request.
  Time since last request: 0.087545 seconds.
  path: Assets/FallGuysMaterials/Texture1/Texture1_Diffuse.png
  artifactKey: Guid(1f471cb11ac51b247b0c44ef3cf46ef3) Importer(815301076,1909f56bfc062723c751e8b465ee728b)
Start importing Assets/FallGuysMaterials/Texture1/Texture1_Diffuse.png using Guid(1f471cb11ac51b247b0c44ef3cf46ef3) Importer(815301076,1909f56bfc062723c751e8b465ee728b)  -> (artifact id: '59a65aab40ed1405e5228624df65b71b') in 0.047253 seconds 
========================================================================
Received Import Request.
  Time since last request: 23.334364 seconds.
  path: Assets/FallGuysMaterials/Texture1/New Material.mat
  artifactKey: Guid(2abc98055d36b75498c0bdea499b5e1c) Importer(815301076,1909f56bfc062723c751e8b465ee728b)
Start importing Assets/FallGuysMaterials/Texture1/New Material.mat using Guid(2abc98055d36b75498c0bdea499b5e1c) Importer(815301076,1909f56bfc062723c751e8b465ee728b)  -> (artifact id: '7283623c39e57e4a3d9edbfa79db156d') in 0.038878 seconds 
========================================================================
Received Import Request.
  Time since last request: 191.635227 seconds.
  path: Assets/FallGuysMaterials/StartTexture
  artifactKey: Guid(3b2c1cf8ad72f1b4a87562ec0a1b3e31) Importer(815301076,1909f56bfc062723c751e8b465ee728b)
Start importing Assets/FallGuysMaterials/StartTexture using Guid(3b2c1cf8ad72f1b4a87562ec0a1b3e31) Importer(815301076,1909f56bfc062723c751e8b465ee728b)  -> (artifact id: '98e76690c815d667a2a6bd39b530cff2') in 0.020616 seconds 
========================================================================
Received Import Request.
  Time since last request: 0.983092 seconds.
  path: Assets/FallGuysMaterials/StartTexture/StartLine Diffuse Black and White.png
  artifactKey: Guid(6a3af4ccc7fbbcd498831712c62078f7) Importer(815301076,1909f56bfc062723c751e8b465ee728b)
Start importing Assets/FallGuysMaterials/StartTexture/StartLine Diffuse Black and White.png using Guid(6a3af4ccc7fbbcd498831712c62078f7) Importer(815301076,1909f56bfc062723c751e8b465ee728b)  -> (artifact id: 'eb0e57038b03be5a556abae3f2c3b2f1') in 0.060136 seconds 
========================================================================
Received Import Request.
  Time since last request: 0.000276 seconds.
  path: Assets/FallGuysMaterials/StartTexture/StartLine Normal.png
  artifactKey: Guid(28b5cd20dd67ed240811e704447b5f47) Importer(815301076,1909f56bfc062723c751e8b465ee728b)
Start importing Assets/FallGuysMaterials/StartTexture/StartLine Normal.png using Guid(28b5cd20dd67ed240811e704447b5f47) Importer(815301076,1909f56bfc062723c751e8b465ee728b)  -> (artifact id: 'adaa689dedd0702acfe260d20e35f2fe') in 0.068196 seconds 
========================================================================
Received Import Request.
  Time since last request: 20.947638 seconds.
  path: Assets/FallGuysMaterials/StartTexture/New Material.mat
  artifactKey: Guid(7753984b2f7a52048bf32d1b468f738f) Importer(815301076,1909f56bfc062723c751e8b465ee728b)
Start importing Assets/FallGuysMaterials/StartTexture/New Material.mat using Guid(7753984b2f7a52048bf32d1b468f738f) Importer(815301076,1909f56bfc062723c751e8b465ee728b)  -> (artifact id: '584bc1668bc1e5bba3fe4f5278ed7e98') in 0.043266 seconds 
========================================================================
Received Import Request.
  Time since last request: 96.987386 seconds.
  path: Assets/FallGuysMaterials/Texture2/New Material.mat
  artifactKey: Guid(204c33fd0ab7ec0428cb0d8e1d91b08a) Importer(815301076,1909f56bfc062723c751e8b465ee728b)
Start importing Assets/FallGuysMaterials/Texture2/New Material.mat using Guid(204c33fd0ab7ec0428cb0d8e1d91b08a) Importer(815301076,1909f56bfc062723c751e8b465ee728b)  -> (artifact id: '52b71d1430b49a403b38ea7d34dd7386') in 0.035594 seconds 
========================================================================
Received Import Request.
  Time since last request: 400.085947 seconds.
  path: Assets
  artifactKey: Guid(00000000000000001000000000000000) Importer(815301076,1909f56bfc062723c751e8b465ee728b)
Start importing Assets using Guid(00000000000000001000000000000000) Importer(815301076,1909f56bfc062723c751e8b465ee728b)  -> (artifact id: '79842766b460edbeab6a34051e857a80') in 0.027693 seconds 
========================================================================
Received Import Request.
  Time since last request: 26.929682 seconds.
  path: Assets/New Material.mat
  artifactKey: Guid(1ced71dbae9eb0e4cbf521a424838fc1) Importer(815301076,1909f56bfc062723c751e8b465ee728b)
Start importing Assets/New Material.mat using Guid(1ced71dbae9eb0e4cbf521a424838fc1) Importer(815301076,1909f56bfc062723c751e8b465ee728b)  -> (artifact id: 'c2516ad52e5893b19a6b05160a6a6127') in 0.064357 seconds 
========================================================================
Received Import Request.
  Time since last request: 2908.144928 seconds.
  path: Assets/New Material.mat
  artifactKey: Guid(1ced71dbae9eb0e4cbf521a424838fc1) Importer(815301076,1909f56bfc062723c751e8b465ee728b)
Start importing Assets/New Material.mat using Guid(1ced71dbae9eb0e4cbf521a424838fc1) Importer(815301076,1909f56bfc062723c751e8b465ee728b)  -> (artifact id: 'f99277ec4b403f5bba7c95da2c83875b') in 0.105978 seconds 
